d:\luckhome\luckyhome\luckyhome\x64\debug\vc143.pdb
d:\luckhome\luckyhome\luckyhome\x64\debug\vc143.idb
d:\luckhome\luckyhome\luckyhome\x64\debug\lockbox.obj
d:\luckhome\luckyhome\luckyhome\x64\debug\key.obj
d:\luckhome\luckyhome\luckyhome\x64\debug\hugetreasure.obj
d:\luckhome\luckyhome\luckyhome\x64\debug\halfcoconut.obj
d:\luckhome\luckyhome\luckyhome\x64\debug\greenpepper_k.obj
d:\luckhome\luckyhome\luckyhome\x64\debug\greenpepper.obj
d:\luckhome\luckyhome\luckyhome\x64\debug\goose.obj
d:\luckhome\luckyhome\luckyhome\x64\debug\goldegg.obj
d:\luckhome\luckyhome\luckyhome\x64\debug\flower.obj
d:\luckhome\luckyhome\luckyhome\x64\debug\fish.obj
d:\luckhome\luckyhome\luckyhome\x64\debug\essence.obj
d:\luckhome\luckyhome\luckyhome\x64\debug\empty.obj
d:\luckhome\luckyhome\luckyhome\x64\debug\cow.obj
d:\luckhome\luckyhome\luckyhome\x64\debug\coin.obj
d:\luckhome\luckyhome\luckyhome\x64\debug\coconut.obj
d:\luckhome\luckyhome\luckyhome\x64\debug\cat.obj
d:\luckhome\luckyhome\luckyhome\x64\debug\bubble.obj
d:\luckhome\luckyhome\luckyhome\x64\debug\blackpepper_k.obj
d:\luckhome\luckyhome\luckyhome\x64\debug\blackpepper.obj
d:\luckhome\luckyhome\luckyhome\x64\debug\bee.obj
d:\luckhome\luckyhome\luckyhome\x64\debug\treasure.obj
d:\luckhome\luckyhome\luckyhome\x64\debug\thing.obj
d:\luckhome\luckyhome\luckyhome\x64\debug\sun.obj
d:\luckhome\luckyhome\luckyhome\x64\debug\strawberry.obj
d:\luckhome\luckyhome\luckyhome\x64\debug\steelsafe.obj
d:\luckhome\luckyhome\luckyhome\x64\debug\raincloud_k.obj
d:\luckhome\luckyhome\luckyhome\x64\debug\raincloud.obj
d:\luckhome\luckyhome\luckyhome\x64\debug\rain.obj
d:\luckhome\luckyhome\luckyhome\x64\debug\props.obj
d:\luckhome\luckyhome\luckyhome\x64\debug\pearl.obj
d:\luckhome\luckyhome\luckyhome\x64\debug\monkeyolivander_k.obj
d:\luckhome\luckyhome\luckyhome\x64\debug\monkeyolivander.obj
d:\luckhome\luckyhome\luckyhome\x64\debug\monkey.obj
d:\luckhome\luckyhome\luckyhome\x64\debug\milk.obj
d:\luckhome\luckyhome\luckyhome\x64\debug\main.obj
d:\luckhome\luckyhome\luckyhome\x64\debug\magickey.obj
d:\luckhome\luckyhome\luckyhome\x64\debug\lockremover_k.obj
d:\luckhome\luckyhome\luckyhome\x64\debug\lockremover.obj
d:\luckhome\luckyhome\x64\debug\luckyhome.pdb
d:\luckhome\luckyhome\luckyhome\x64\debug\luckyhome.tlog\cl.command.1.tlog
d:\luckhome\luckyhome\luckyhome\x64\debug\luckyhome.tlog\cl.read.1.tlog
d:\luckhome\luckyhome\luckyhome\x64\debug\luckyhome.tlog\cl.write.1.tlog
d:\luckhome\luckyhome\luckyhome\x64\debug\luckyhome.tlog\link-cvtres.read.1.tlog
d:\luckhome\luckyhome\luckyhome\x64\debug\luckyhome.tlog\link-cvtres.write.1.tlog
d:\luckhome\luckyhome\luckyhome\x64\debug\luckyhome.tlog\link-rc.read.1.tlog
d:\luckhome\luckyhome\luckyhome\x64\debug\luckyhome.tlog\link-rc.write.1.tlog
d:\luckhome\luckyhome\luckyhome\x64\debug\luckyhome.tlog\link.command.1.tlog
d:\luckhome\luckyhome\luckyhome\x64\debug\luckyhome.tlog\link.read.1.tlog
d:\luckhome\luckyhome\luckyhome\x64\debug\luckyhome.tlog\link.read.2.tlog
d:\luckhome\luckyhome\luckyhome\x64\debug\luckyhome.tlog\link.write.1.tlog
